<?xml version="1.0" encoding="UTF-8"?>
<!-- Generated by org.testng.reporters.JUnitReportReporter -->
<testsuite hostname="SUMAS" failures="0" tests="1" name="LoggerTest.LoggerTest" time="0.033" errors="0" timestamp="2023-12-18T09:34:03 PST" skipped="0">
  <testcase classname="LoggerTest.LoggerTest" name="tst01_Testinglog" time="0.033"/>
  <system-out/>
</testsuite> <!-- LoggerTest.LoggerTest -->
